<?xml version="1.0" encoding="UTF-8"?>
<!-- Generated by org.testng.reporters.JUnitXMLReporter -->
<testsuite hostname="YDLaptop" name="TestAll" tests="5" failures="5" timestamp="28 Jul 2015 22:36:06 GMT" time="0.035" errors="0">
  <testcase name="testLaunch" time="0.009" classname="WolframCloudPackage.WolframCloudTest">
    <failure type="java.lang.NullPointerException">
      <![CDATA[java.lang.NullPointerException
	at WolframCloudPackage.WolframCloudTest.testLaunch(WolframCloudTest.java:43)
... Removed 24 stack frames]]>
    </failure>
  </testcase> <!-- testLaunch -->
  <testcase name="testLogin" time="0.001" classname="WolframCloudPackage.WolframCloudTest">
    <failure type="java.lang.NullPointerException">
      <![CDATA[java.lang.NullPointerException
	at WolframCloudPackage.WolframCloudTest.testLogin(WolframCloudTest.java:57)
... Removed 24 stack frames]]>
    </failure>
  </testcase> <!-- testLogin -->
  <testcase name="testRegistration" time="0.0" classname="WolframCloudPackage.WolframCloudTest">
    <failure type="java.lang.NullPointerException">
      <![CDATA[java.lang.NullPointerException
	at WolframCloudPackage.WolframCloudTest.testRegistration(WolframCloudTest.java:65)
... Removed 24 stack frames]]>
    </failure>
  </testcase> <!-- testRegistration -->
  <testcase name="testHomescreen" time="0.0" classname="WolframCloudPackage.WolframCloudTest">
    <failure type="java.lang.NullPointerException">
      <![CDATA[java.lang.NullPointerException
	at WolframCloudPackage.WolframCloudTest.testHomescreen(WolframCloudTest.java:108)
... Removed 24 stack frames]]>
    </failure>
  </testcase> <!-- testHomescreen -->
  <testcase name="testNotebook" time="0.001" classname="WolframCloudPackage.WolframCloudTest">
    <failure type="java.lang.NullPointerException">
      <![CDATA[java.lang.NullPointerException
	at WolframCloudPackage.WolframCloudTest.testNotebook(WolframCloudTest.java:116)
... Removed 24 stack frames]]>
    </failure>
  </testcase> <!-- testNotebook -->
</testsuite> <!-- TestAll -->
