<?xml version="1.0" encoding="UTF-8"?>
<!-- Generated by org.testng.reporters.JUnitXMLReporter -->
<testsuite hostname="YDLaptop" name="Default test" tests="5" failures="0" timestamp="28 Jul 2015 22:34:58 GMT" time="30.027" errors="0">
  <testcase name="testLaunch" time="0.845" classname="WolframCloudPackage.WolframCloudTest"/>
  <testcase name="testLogin" time="2.402" classname="WolframCloudPackage.WolframCloudTest"/>
  <testcase name="testRegistration" time="22.098" classname="WolframCloudPackage.WolframCloudTest"/>
  <testcase name="testHomescreen" time="0.006" classname="WolframCloudPackage.WolframCloudTest"/>
  <testcase name="testNotebook" time="4.656" classname="WolframCloudPackage.WolframCloudTest"/>
</testsuite> <!-- Default test -->
